\BOOKMARK [0][-]{cover.0}{\376\377\000P\000o\000r\000t\000a\000d\000a}{}% 1
\BOOKMARK [0][-]{toc.0}{\376\377\000\315\000n\000d\000i\000c\000e\000\040\000g\000e\000n\000e\000r\000a\000l}{}% 2
\BOOKMARK [0][-]{chapter*.2}{\376\377\000I\000n\000t\000r\000o\000d\000u\000c\000c\000i\000\363\000n}{}% 3
\BOOKMARK [0][-]{figure.caption.3}{\376\377\000B\000i\000b\000l\000i\000o\000g\000r\000a\000f\000\355\000a}{}% 4
\BOOKMARK [0][-]{chapter.0}{\376\377\000P\000r\000e\000l\000i\000m\000i\000n\000a\000r\000e\000s}{}% 5
\BOOKMARK [1][-]{section.0.1}{\376\377\000N\000o\000c\000i\000o\000n\000e\000s\000\040\000s\000o\000b\000r\000e\000\040\000c\000o\000n\000j\000u\000n\000t\000o\000s}{chapter.0}% 6
\BOOKMARK [2][-]{subsection.0.1.1}{\376\377\000A\000l\000g\000u\000n\000o\000s\000\040\000a\000x\000i\000o\000m\000a\000s\000\040\000y\000\040\000r\000e\000s\000u\000l\000t\000a\000d\000o\000s}{section.0.1}% 7
\BOOKMARK [2][-]{subsection.0.1.2}{\376\377\000D\000e\000f\000i\000n\000i\000c\000i\000o\000n\000e\000s\000\040\000y\000\040\000r\000e\000s\000u\000l\000t\000a\000d\000o\000s\000\040\000e\000s\000p\000e\000c\000\355\000f\000i\000c\000o\000s\000\040\000p\000a\000r\000a\000\040\000n\000u\000e\000s\000t\000r\000o\000\040\000e\000s\000t\000u\000d\000i\000o}{section.0.1}% 8
\BOOKMARK [1][-]{section.0.2}{\376\377\000A\000l\000g\000u\000n\000a\000s\000\040\000e\000s\000t\000r\000u\000c\000t\000u\000r\000a\000s\000\040\000a\000l\000g\000e\000b\000r\000a\000i\000c\000a\000s\000.}{chapter.0}% 9
\BOOKMARK [1][-]{section.0.3}{\376\377\000E\000j\000e\000r\000c\000i\000c\000i\000o\000s}{chapter.0}% 10
\BOOKMARK [0][-]{chapter.1}{\376\377\000S\000i\000s\000t\000e\000m\000a\000s\000\040\000d\000e\000\040\000e\000c\000u\000a\000c\000i\000o\000n\000e\000s\000\040\000l\000i\000n\000e\000a\000l\000e\000s}{}% 11
\BOOKMARK [1][-]{section.1.1}{\376\377\000S\000i\000s\000t\000e\000m\000a\000s\000\040\000d\000e\000\040\000e\000c\000u\000a\000c\000i\000o\000n\000e\000s\000\040\000l\000i\000n\000e\000a\000l\000e\000s}{chapter.1}% 12
\BOOKMARK [1][-]{section.1.2}{\376\377\000M\000a\000t\000r\000i\000c\000e\000s}{chapter.1}% 13
\BOOKMARK [2][-]{subsection.1.2.1}{\376\377\000O\000p\000e\000r\000a\000c\000i\000o\000n\000e\000s\000\040\000e\000l\000e\000m\000e\000n\000t\000a\000l\000e\000s}{section.1.2}% 14
\BOOKMARK [2][-]{subsection.1.2.2}{\376\377\000M\000a\000t\000r\000i\000c\000e\000s\000\040\000e\000q\000u\000i\000v\000a\000l\000e\000n\000t\000e\000s\000\040\000p\000o\000r\000\040\000f\000i\000l\000a\000s}{section.1.2}% 15
\BOOKMARK [2][-]{subsection.1.2.3}{\376\377\000M\000a\000t\000r\000i\000c\000e\000s\000\040\000e\000l\000e\000m\000e\000n\000t\000a\000l\000e\000s\000\040\000y\000\040\000m\000a\000t\000r\000i\000c\000e\000s\000\040\000i\000n\000v\000e\000r\000s\000a\000s}{section.1.2}% 16
\BOOKMARK [1][-]{section.1.3}{\376\377\000E\000j\000e\000r\000c\000i\000c\000i\000o\000s}{chapter.1}% 17
\BOOKMARK [0][-]{chapter.2}{\376\377\000E\000s\000p\000a\000c\000i\000o\000s\000\040\000v\000e\000c\000t\000o\000r\000i\000a\000l\000e\000s}{}% 18
\BOOKMARK [1][-]{section.2.1}{\376\377\000E\000s\000p\000a\000c\000i\000o\000s\000\040\000y\000\040\000s\000u\000b\000e\000s\000p\000a\000c\000i\000o\000s\000\040\000v\000e\000c\000t\000o\000r\000i\000a\000l\000e\000s}{chapter.2}% 19
\BOOKMARK [2][-]{subsection.2.1.1}{\376\377\000P\000r\000i\000m\000e\000r\000a\000s\000\040\000d\000e\000f\000i\000n\000i\000c\000i\000o\000n\000e\000s}{section.2.1}% 20
\BOOKMARK [2][-]{subsection.2.1.2}{\376\377\000B\000a\000s\000e\000s\000\040\000y\000\040\000d\000i\000m\000e\000n\000s\000i\000\363\000n}{section.2.1}% 21
\BOOKMARK [1][-]{section.2.2}{\376\377\000C\000o\000o\000r\000d\000e\000n\000a\000d\000a\000s}{chapter.2}% 22
\BOOKMARK [1][-]{section.2.3}{\376\377\000E\000j\000e\000r\000c\000i\000c\000i\000o\000s}{chapter.2}% 23
\BOOKMARK [0][-]{chapter.3}{\376\377\000T\000r\000a\000n\000s\000f\000o\000r\000m\000a\000c\000i\000o\000n\000e\000s\000\040\000l\000i\000n\000e\000a\000l\000e\000s}{}% 24
\BOOKMARK [1][-]{section.3.1}{\376\377\000T\000r\000a\000n\000s\000f\000o\000r\000m\000a\000c\000i\000o\000n\000e\000s\000\040\000l\000i\000n\000e\000a\000l\000e\000s}{chapter.3}% 25
\BOOKMARK [2][-]{subsection.3.1.1}{\376\377\000P\000r\000i\000m\000e\000r\000a\000s\000\040\000d\000e\000f\000i\000n\000i\000c\000i\000o\000n\000e\000s\000\040\000y\000\040\000r\000e\000s\000u\000l\000t\000a\000d\000o\000s}{section.3.1}% 26
\BOOKMARK [2][-]{subsection.3.1.2}{\376\377\000\301\000l\000g\000e\000b\000r\000a\000\040\000d\000e\000\040\000t\000r\000a\000n\000s\000f\000o\000r\000m\000a\000c\000i\000o\000n\000e\000s\000\040\000l\000i\000n\000e\000a\000l\000e\000s}{section.3.1}% 27
\BOOKMARK [2][-]{subsection.3.1.3}{\376\377\000I\000s\000o\000m\000o\000r\000f\000i\000s\000m\000o\000s}{section.3.1}% 28
\BOOKMARK [2][-]{subsection.3.1.4}{\376\377\000R\000e\000p\000r\000e\000s\000e\000n\000t\000a\000c\000i\000\363\000n\000\040\000m\000a\000t\000r\000i\000c\000i\000a\000l\000\040\000d\000e\000\040\000u\000n\000a\000\040\000t\000r\000a\000n\000s\000f\000o\000r\000m\000a\000c\000i\000\363\000n\000\040\000l\000i\000n\000e\000a\000l}{section.3.1}% 29
\BOOKMARK [1][-]{section.3.2}{\376\377\000F\000u\000n\000c\000i\000o\000n\000a\000l\000e\000s\000\040\000l\000i\000n\000e\000a\000l\000e\000s}{chapter.3}% 30
\BOOKMARK [1][-]{section.3.3}{\376\377\000E\000l\000\040\000d\000o\000b\000l\000e\000\040\000d\000u\000a\000l}{chapter.3}% 31
\BOOKMARK [1][-]{section.3.4}{\376\377\000E\000j\000e\000r\000c\000i\000c\000i\000o\000s}{chapter.3}% 32
\BOOKMARK [0][-]{chapter.4}{\376\377\000D\000e\000t\000e\000r\000m\000i\000n\000a\000n\000t\000e\000s}{}% 33
\BOOKMARK [1][-]{section.4.1}{\376\377\000P\000e\000r\000m\000u\000t\000a\000c\000i\000o\000n\000e\000s}{chapter.4}% 34
\BOOKMARK [1][-]{section.4.2}{\376\377\000F\000u\000n\000c\000i\000o\000n\000e\000s\000\040\000d\000e\000t\000e\000r\000m\000i\000n\000a\000n\000t\000e\000s}{chapter.4}% 35
\BOOKMARK [1][-]{section.4.3}{\376\377\000E\000j\000e\000r\000c\000i\000c\000i\000o\000s}{chapter.4}% 36
\BOOKMARK [0][-]{appendix.Alph1}{\376\377\000C\000l\000a\000s\000e\000s\000\040\000d\000e\000\040\000e\000q\000u\000i\000v\000a\000l\000e\000n\000c\000i\000a\000\040\000m\000\363\000d\000u\000l\000o\000\040\000n}{}% 37
\BOOKMARK [1][-]{section.Alph1.1}{\376\377\000D\000e\000d\000u\000c\000c\000i\000o\000n\000e\000s\000\040\000p\000r\000o\000p\000i\000a\000s\000\040\000d\000e\000\040\000l\000a\000s\000\040\000c\000l\000a\000s\000e\000s\000\040\000d\000e\000\040\000e\000q\000u\000i\000v\000a\000l\000e\000n\000c\000i\000a\000\040\000m\000\363\000d\000u\000l\000o\000\040\000n}{appendix.Alph1}% 38
\BOOKMARK [1][-]{section.Alph1.2}{\376\377\000E\000j\000e\000r\000c\000i\000c\000i\000o\000s}{appendix.Alph1}% 39
\BOOKMARK [0][-]{appendix.Alph2}{\376\377\000E\000s\000p\000a\000c\000i\000o\000s\000\040\000v\000e\000c\000t\000o\000r\000i\000a\000l\000e\000s\000\040\000d\000e\000\040\000d\000i\000m\000e\000n\000s\000i\000\363\000n\000\040\000i\000n\000f\000i\000n\000i\000t\000a}{}% 40
\BOOKMARK [1][-]{section.Alph2.1}{\376\377\000E\000l\000\040\000a\000x\000i\000o\000m\000a\000\040\000d\000e\000\040\000e\000l\000e\000c\000c\000i\000\363\000n}{appendix.Alph2}% 41
\BOOKMARK [1][-]{section.Alph2.2}{\376\377\000C\000a\000r\000d\000i\000n\000a\000l\000e\000s}{appendix.Alph2}% 42
\BOOKMARK [2][-]{subsection.Alph2.2.1}{\376\377\000C\000a\000r\000d\000i\000n\000a\000l\000i\000d\000a\000d\000\040\000e\000n\000\040\000c\000o\000n\000j\000u\000n\000t\000o\000s\000\040\000i\000n\000f\000i\000n\000i\000t\000o\000s}{section.Alph2.2}% 43
\BOOKMARK [2][-]{subsection.Alph2.2.2}{\376\377\000A\000r\000i\000t\000m\000\351\000t\000i\000c\000a\000\040\000d\000e\000\040\000c\000a\000r\000d\000i\000n\000a\000l\000e\000s}{section.Alph2.2}% 44
\BOOKMARK [1][-]{section.Alph2.3}{\376\377\000U\000n\000\040\000\372\000l\000t\000i\000m\000o\000\040\000t\000e\000o\000r\000e\000m\000a}{appendix.Alph2}% 45
\BOOKMARK [1][-]{section.Alph2.4}{\376\377\000E\000j\000e\000r\000c\000i\000c\000i\000o\000s}{appendix.Alph2}% 46
