This is XeTeX, Version 3.141592653-2.6-0.999995 (TeX Live 2023/Debian) (preloaded format=xelatex 2025.12.21)  30 DEC 2025 12:11
entering extended mode
 restricted \write18 enabled.
 %&-line parsing enabled.
**alucinaciones.tex
(./alucinaciones.tex
LaTeX2e <2023-11-01> patch level 1
L3 programming layer <2024-01-22>

! LaTeX Error: Missing \begin{document}.

See the LaTeX manual or LaTeX Companion for explanation.
Type  H <return>  for immediate help.
 ...                                              
                                                  
l.2 F
     rases célebres del Dr. Hugo Méndez Delgadillo:
You're in trouble here.  Try typing  <return>  to proceed.
If that doesn't work, type  X <return>  to quit.

Missing character: There is no F ("46) in font nullfont!
Missing character: There is no r ("72) in font nullfont!
Missing character: There is no a ("61) in font nullfont!
Missing character: There is no s ("73) in font nullfont!
Missing character: There is no e ("65) in font nullfont!
Missing character: There is no s ("73) in font nullfont!
Missing character: There is no c ("63) in font nullfont!
Missing character: There is no é ("E9) in font nullfont!
Missing character: There is no l ("6C) in font nullfont!
Missing character: There is no e ("65) in font nullfont!
Missing character: There is no b ("62) in font nullfont!
Missing character: There is no r ("72) in font nullfont!
Missing character: There is no e ("65) in font nullfont!
Missing character: There is no s ("73) in font nullfont!
Missing character: There is no d ("64) in font nullfont!
Missing character: There is no e ("65) in font nullfont!
Missing character: There is no l ("6C) in font nullfont!
Missing character: There is no D ("44) in font nullfont!
Missing character: There is no r ("72) in font nullfont!
Missing character: There is no . ("2E) in font nullfont!
Missing character: There is no H ("48) in font nullfont!
Missing character: There is no u ("75) in font nullfont!
Missing character: There is no g ("67) in font nullfont!
Missing character: There is no o ("6F) in font nullfont!
Missing character: There is no M ("4D) in font nullfont!
Missing character: There is no é ("E9) in font nullfont!
Missing character: There is no n ("6E) in font nullfont!
Missing character: There is no d ("64) in font nullfont!
Missing character: There is no e ("65) in font nullfont!
Missing character: There is no z ("7A) in font nullfont!
Missing character: There is no D ("44) in font nullfont!
Missing character: There is no e ("65) in font nullfont!
Missing character: There is no l ("6C) in font nullfont!
Missing character: There is no g ("67) in font nullfont!
Missing character: There is no a ("61) in font nullfont!
Missing character: There is no d ("64) in font nullfont!
Missing character: There is no i ("69) in font nullfont!
Missing character: There is no l ("6C) in font nullfont!
Missing character: There is no l ("6C) in font nullfont!
Missing character: There is no o ("6F) in font nullfont!
Missing character: There is no : ("3A) in font nullfont!

Overfull \hbox (20.0pt too wide) in paragraph at lines 2--3
[]
 []


Overfull \hbox (9.34pt too wide) in paragraph at lines 4--5
\TU/lmr/m/it/10 El
 []


Overfull \hbox (18.4pt too wide) in paragraph at lines 4--5
\TU/lmr/m/it/10 con-
 []


Overfull \hbox (22.49pt too wide) in paragraph at lines 4--5
\TU/lmr/m/it/10 junto
 []


Overfull \hbox (9.71pt too wide) in paragraph at lines 4--5
\TU/lmr/m/it/10 de
 []


Overfull \hbox (11.76pt too wide) in paragraph at lines 4--5
\TU/lmr/m/it/10 los
 []


Overfull \hbox (17.0pt too wide) in paragraph at lines 4--5
\TU/lmr/m/it/10 per-
 []


Overfull \hbox (12.91pt too wide) in paragraph at lines 4--5
\TU/lmr/m/it/10 ros
 []


Overfull \hbox (12.4pt too wide) in paragraph at lines 4--5
\TU/lmr/m/it/10 ra-
 []


Overfull \hbox (29.14pt too wide) in paragraph at lines 4--5
\TU/lmr/m/it/10 biosos. 
 []


Overfull \hbox (43.47pt too wide) in paragraph at lines 5--6
\TU/lmr/m/it/10 Abusamos
 []


Overfull \hbox (9.71pt too wide) in paragraph at lines 5--6
\TU/lmr/m/it/10 de
 []


Overfull \hbox (7.67pt too wide) in paragraph at lines 5--6
\TU/lmr/m/it/10 la
 []


Overfull \hbox (14.31pt too wide) in paragraph at lines 5--6
\TU/lmr/m/it/10 no-
 []


Overfull \hbox (26.83pt too wide) in paragraph at lines 5--6
\TU/lmr/m/it/10 tación
 []


Overfull \hbox (18.53pt too wide) in paragraph at lines 5--6
\TU/lmr/m/it/10 para
 []


Overfull \hbox (10.73pt too wide) in paragraph at lines 5--6
\TU/lmr/m/it/10 no
 []


Overfull \hbox (23.0pt too wide) in paragraph at lines 5--6
\TU/lmr/m/it/10 ahog-
 []


Overfull \hbox (8.69pt too wide) in paragraph at lines 5--6
\TU/lmr/m/it/10 a-
 []


Overfull \hbox (7.8pt too wide) in paragraph at lines 5--6
\TU/lmr/m/it/10 r-
 []


Overfull \hbox (14.82pt too wide) in paragraph at lines 5--6
\TU/lmr/m/it/10 nos
 []


Overfull \hbox (10.22pt too wide) in paragraph at lines 5--6
\TU/lmr/m/it/10 en
 []


Overfull \hbox (18.67pt too wide) in paragraph at lines 5--6
\TU/lmr/m/it/10 ella. 
 []


Overfull \hbox (17.64pt too wide) in paragraph at lines 6--7
\TU/lmr/m/it/10 Que
 []


Overfull \hbox (13.29pt too wide) in paragraph at lines 6--7
\TU/lmr/m/it/10 sea
 []


Overfull \hbox (10.74pt too wide) in paragraph at lines 6--7
\TU/lmr/m/it/10 le-
 []


Overfull \hbox (12.27pt too wide) in paragraph at lines 6--7
\TU/lmr/m/it/10 gal
 []


Overfull \hbox (4.86pt too wide) in paragraph at lines 6--7
\TU/lmr/m/it/10 y
 []


Overfull \hbox (14.82pt too wide) in paragraph at lines 6--7
\TU/lmr/m/it/10 nos
 []


Overfull \hbox (18.4pt too wide) in paragraph at lines 6--7
\TU/lmr/m/it/10 con-
 []


Overfull \hbox (27.6pt too wide) in paragraph at lines 6--7
\TU/lmr/m/it/10 venga. 
 []


Overfull \hbox (40.63pt too wide) in paragraph at lines 7--8
\TU/lmr/m/it/10 Santiago,
 []


Overfull \hbox (7.92pt too wide) in paragraph at lines 7--8
\TU/lmr/m/it/10 te
 []


Overfull \hbox (14.06pt too wide) in paragraph at lines 7--8
\TU/lmr/m/it/10 pu-
 []


Overfull \hbox (19.17pt too wide) in paragraph at lines 7--8
\TU/lmr/m/it/10 siste
 []


Overfull \hbox (23.0pt too wide) in paragraph at lines 7--8
\TU/lmr/m/it/10 modo
 []


Overfull \hbox (13.8pt too wide) in paragraph at lines 7--8
\TU/lmr/m/it/10 en-
 []


Overfull \hbox (19.81pt too wide) in paragraph at lines 7--8
\TU/lmr/m/it/10 tero.
 []


Overfull \hbox (33.74pt too wide) in paragraph at lines 7--8
\TU/lmr/m/it/10 Zzzzzzz. 
 []


Overfull \hbox (12.92pt too wide) in paragraph at lines 8--9
\TU/lmr/m/it/10 Je,
 []


Overfull \hbox (10.74pt too wide) in paragraph at lines 8--9
\TU/lmr/m/it/10 je,
 []


Overfull \hbox (10.74pt too wide) in paragraph at lines 8--9
\TU/lmr/m/it/10 je. 
 []


Overfull \hbox (15.98pt too wide) in paragraph at lines 9--10
\TU/lmr/m/it/10 Eso
 []


Overfull \hbox (24.28pt too wide) in paragraph at lines 9--10
\TU/lmr/m/it/10 puede
 []


Overfull \hbox (14.57pt too wide) in paragraph at lines 9--10
\TU/lmr/m/it/10 que
 []


Overfull \hbox (24.53pt too wide) in paragraph at lines 9--10
\TU/lmr/m/it/10 venga
 []


Overfull \hbox (10.22pt too wide) in paragraph at lines 9--10
\TU/lmr/m/it/10 en
 []


Overfull \hbox (7.16pt too wide) in paragraph at lines 9--10
\TU/lmr/m/it/10 el
 []


Overfull \hbox (12.82pt too wide) in paragraph at lines 9--10
\TU/lmr/m/it/10 ex-
 []


Overfull \hbox (8.69pt too wide) in paragraph at lines 9--10
\TU/lmr/m/it/10 a-
 []


Overfull \hbox (21.47pt too wide) in paragraph at lines 9--10
\TU/lmr/m/it/10 men. 
 []


Overfull \hbox (63.14pt too wide) in paragraph at lines 10--11
\TU/lmr/m/it/10 Demostración:
 []


Overfull \hbox (20.07pt too wide) in paragraph at lines 10--11
\TU/lmr/m/it/10 ejer-
 []


Overfull \hbox (11.25pt too wide) in paragraph at lines 10--11
\TU/lmr/m/it/10 ci-
 []


Overfull \hbox (15.85pt too wide) in paragraph at lines 10--11
\TU/lmr/m/it/10 cio.
 []


Overfull \hbox (16.11pt too wide) in paragraph at lines 10--11
\TU/lmr/m/it/10 Por
 []


Overfull \hbox (14.57pt too wide) in paragraph at lines 10--11
\TU/lmr/m/it/10 flo-
 []


Overfull \hbox (16.49pt too wide) in paragraph at lines 10--11
\TU/lmr/m/it/10 jera
 []


Overfull \hbox (12.27pt too wide) in paragraph at lines 10--11
\TU/lmr/m/it/10 del
 []


Overfull \hbox (17.51pt too wide) in paragraph at lines 10--11
\TU/lmr/m/it/10 pro-
 []


Overfull \hbox (11.25pt too wide) in paragraph at lines 10--11
\TU/lmr/m/it/10 fe-
 []


Overfull \hbox (16.49pt too wide) in paragraph at lines 10--11
\TU/lmr/m/it/10 sor. 
 []


! LaTeX Error: The font size command \normalsize is not defined:
               there is probably something wrong with the class file.

See the LaTeX manual or LaTeX Companion for explanation.
Type  H <return>  for immediate help.
 ...                                              
                                                  
l.13 \newpage
             
Your command was ignored.
Type  I <command> <return>  to replace it with another command,
or  <return>  to continue without it.

[1]
Missing character: There is no ひ ("3072) in font nullfont!
Missing character: There is no な ("306A) in font nullfont!
Missing character: There is no は ("306F) in font nullfont!
Missing character: There is no . ("2E) in font nullfont!
Missing character: There is no . ("2E) in font nullfont!
Missing character: There is no . ("2E) in font nullfont!
Missing character: There is no わ ("308F) in font nullfont!
Missing character: There is no た ("305F) in font nullfont!
Missing character: There is no し ("3057) in font nullfont!
Missing character: There is no た ("305F) in font nullfont!
Missing character: There is no ち ("3061) in font nullfont!
Missing character: There is no を ("3092) in font nullfont!
Missing character: There is no 永 ("6C38) in font nullfont!
Missing character: There is no 遠 ("9060) in font nullfont!
Missing character: There is no に ("306B) in font nullfont!
Missing character: There is no し ("3057) in font nullfont!
Missing character: There is no て ("3066) in font nullfont!
Missing character: There is no く ("304F) in font nullfont!
Missing character: There is no れ ("308C) in font nullfont!
Missing character: There is no る ("308B) in font nullfont!
Missing character: There is no ？ ("FF1F) in font nullfont!
)
! Emergency stop.
<*> alucinaciones.tex
                     
*** (job aborted, no legal \end found)

 
Here is how much of TeX's memory you used:
 27 strings out of 474878
 589 string characters out of 5762515
 1920627 words of memory out of 5000000
 22170 multiletter control sequences out of 15000+600000
 558085 words of font info for 38 fonts, out of 8000000 for 9000
 1348 hyphenation exceptions out of 8191
 22i,5n,22p,110b,106s stack positions out of 10000i,1000n,20000p,200000b,200000s
Output written on alucinaciones.pdf (1 page).
